<?xml version="1.0" encoding="UTF-8"?>
<testng-results ignored="0" total="9" passed="9" failed="0" skipped="0">
  <reporter-output>
  </reporter-output>
  <suite started-at="2019-08-11T18:15:57Z" name="Default suite" finished-at="2019-08-11T18:17:28Z" duration-ms="90903">
    <groups>
    </groups>
    <test started-at="2019-08-11T18:15:57Z" name="Default test" finished-at="2019-08-11T18:17:28Z" duration-ms="90903">
      <class name="net.io.storm.StormTopologyTest2">
        <test-method signature="testSpoutBolt()[pri:0, instance:net.io.storm.StormTopologyTest2@11a9e7c8]" started-at="2019-08-11T18:15:57Z" name="testSpoutBolt" finished-at="2019-08-11T18:16:38Z" duration-ms="41397" status="PASS">
          <reporter-output>
          </reporter-output>
        </test-method> <!-- testSpoutBolt -->
        <test-method signature="testSpoutBolt()[pri:0, instance:net.io.storm.StormTopologyTest2@11a9e7c8]" started-at="2019-08-11T18:15:57Z" name="testSpoutBolt" finished-at="2019-08-11T18:16:39Z" duration-ms="41767" status="PASS">
          <reporter-output>
          </reporter-output>
        </test-method> <!-- testSpoutBolt -->
        <test-method signature="testSpoutBolt()[pri:0, instance:net.io.storm.StormTopologyTest2@11a9e7c8]" started-at="2019-08-11T18:15:57Z" name="testSpoutBolt" finished-at="2019-08-11T18:16:39Z" duration-ms="41649" status="PASS">
          <reporter-output>
          </reporter-output>
        </test-method> <!-- testSpoutBolt -->
        <test-method signature="testSpoutBolt()[pri:0, instance:net.io.storm.StormTopologyTest2@11a9e7c8]" started-at="2019-08-11T18:16:38Z" name="testSpoutBolt" finished-at="2019-08-11T18:16:56Z" duration-ms="18048" status="PASS">
          <reporter-output>
          </reporter-output>
        </test-method> <!-- testSpoutBolt -->
        <test-method signature="testSpoutBolt()[pri:0, instance:net.io.storm.StormTopologyTest2@11a9e7c8]" started-at="2019-08-11T18:16:39Z" name="testSpoutBolt" finished-at="2019-08-11T18:16:56Z" duration-ms="17487" status="PASS">
          <reporter-output>
          </reporter-output>
        </test-method> <!-- testSpoutBolt -->
        <test-method signature="testSpoutBolt()[pri:0, instance:net.io.storm.StormTopologyTest2@11a9e7c8]" started-at="2019-08-11T18:16:39Z" name="testSpoutBolt" finished-at="2019-08-11T18:16:56Z" duration-ms="17369" status="PASS">
          <reporter-output>
          </reporter-output>
        </test-method> <!-- testSpoutBolt -->
        <test-method signature="testSpoutBolt()[pri:0, instance:net.io.storm.StormTopologyTest2@11a9e7c8]" started-at="2019-08-11T18:16:56Z" name="testSpoutBolt" finished-at="2019-08-11T18:17:12Z" duration-ms="15589" status="PASS">
          <reporter-output>
          </reporter-output>
        </test-method> <!-- testSpoutBolt -->
        <test-method signature="testSpoutBolt()[pri:0, instance:net.io.storm.StormTopologyTest2@11a9e7c8]" started-at="2019-08-11T18:16:56Z" name="testSpoutBolt" finished-at="2019-08-11T18:17:21Z" duration-ms="24423" status="PASS">
          <reporter-output>
          </reporter-output>
        </test-method> <!-- testSpoutBolt -->
        <test-method signature="testSpoutBolt()[pri:0, instance:net.io.storm.StormTopologyTest2@11a9e7c8]" started-at="2019-08-11T18:16:56Z" name="testSpoutBolt" finished-at="2019-08-11T18:17:21Z" duration-ms="24626" status="PASS">
          <reporter-output>
          </reporter-output>
        </test-method> <!-- testSpoutBolt -->
        <test-method is-config="true" signature="tearDown()[pri:0, instance:net.io.storm.StormTopologyTest2@11a9e7c8]" started-at="2019-08-11T18:17:21Z" name="tearDown" finished-at="2019-08-11T18:17:28Z" duration-ms="6727" status="PASS">
          <reporter-output>
          </reporter-output>
        </test-method> <!-- tearDown -->
      </class> <!-- net.io.storm.StormTopologyTest2 -->
    </test> <!-- Default test -->
  </suite> <!-- Default suite -->
</testng-results>
